forced crash at fatal.cpp:30
forced crash at fatal.cpp:30
forced crash at main.cpp:2559
forced crash at main.cpp:2559
forced crash at main.cpp:2559
forced crash at main.cpp:2559
forced crash at main.cpp:2559
forced crash at main.cpp:2559
forced crash at main.cpp:2559
forced crash at main.cpp:2559
forced crash at main.cpp:2559
forced crash at fatal.cpp:30
forced crash at main.cpp:2559
forced crash at fatal.cpp:30
forced crash at fatal.cpp:30
forced crash at fatal.cpp:30
forced crash at /home/realm/realm/source/roommgr/main.cpp:2559
forced crash at main.cpp:2559
forced crash at fatal.cpp:30
forced crash at fatal.cpp:30
forced crash at fatal.cpp:30
forced crash at fatal.cpp:30
forced crash at fatal.cpp:30
forced crash at fatal.cpp:30
forced crash at fatal.cpp:30
forced crash at fatal.cpp:30
forced crash at fatal.cpp:30
forced crash at fatal.cpp:30
forced crash at fatal.cpp:30
forced crash at fatal.cpp:30
forced crash at fatal.cpp:30
forced crash at fatal.cpp:30
forced crash at fatal.cpp:30
forced crash at fatal.cpp:30
forced crash at fatal.cpp:30
forced crash at fatal.cpp:30
forced crash at fatal.cpp:30
forced crash at fatal.cpp:30
forced crash at fatal.cpp:30
forced crash at fatal.cpp:30
forced crash at fatal.cpp:30
forced crash at fatal.cpp:30
forced crash at fatal.cpp:30
forced crash at fatal.cpp:30
forced crash at fatal.cpp:30
forced crash at fatal.cpp:30
forced crash at fatal.cpp:30
forced crash at fatal.cpp:30
forced crash at fatal.cpp:30
forced crash at fatal.cpp:30
forced crash at fatal.cpp:30
forced crash at fatal.cpp:30
forced crash at fatal.cpp:30
forced crash at fatal.cpp:30
forced crash at fatal.cpp:30
forced crash at fatal.cpp:30
forced crash at fatal.cpp:30
forced crash at fatal.cpp:30
forced crash at fatal.cpp:30
forced crash at fatal.cpp:30
forced crash at fatal.cpp:30
forced crash at fatal.cpp:30
forced crash at fatal.cpp:30
forced crash at fatal.cpp:30
forced crash at fatal.cpp:30
forced crash at fatal.cpp:30
forced crash at fatal.cpp:30
forced crash at fatal.cpp:30
forced crash at fatal.cpp:30
forced crash at fatal.cpp:30
forced crash at fatal.cpp:30
forced crash at fatal.cpp:30
forced crash at fatal.cpp:30
forced crash at fatal.cpp:30
forced crash at fatal.cpp:30
forced crash at fatal.cpp:30
forced crash at fatal.cpp:30
forced crash at fatal.cpp:30
forced crash at fatal.cpp:30
forced crash at fatal.cpp:30
forced crash at fatal.cpp:30
forced crash at fatal.cpp:30
forced crash at fatal.cpp:30
forced crash at fatal.cpp:30
forced crash at fatal.cpp:30
forced crash at fatal.cpp:30
forced crash at fatal.cpp:30
forced crash at fatal.cpp:30
forced crash at fatal.cpp:30
forced crash at fatal.cpp:30
forced crash at fatal.cpp:30
forced crash at fatal.cpp:30
forced crash at fatal.cpp:30
forced crash at fatal.cpp:30
forced crash at fatal.cpp:30
forced crash at fatal.cpp:30
forced crash at fatal.cpp:30
forced crash at fatal.cpp:30
forced crash at fatal.cpp:30
forced crash at fatal.cpp:30
forced crash at fatal.cpp:30
forced crash at fatal.cpp:30
forced crash at fatal.cpp:30
forced crash at fatal.cpp:30
forced crash at fatal.cpp:30
forced crash at fatal.cpp:30
forced crash at fatal.cpp:30
forced crash at fatal.cpp:30
forced crash at fatal.cpp:30
forced crash at fatal.cpp:30
forced crash at fatal.cpp:30
forced crash at fatal.cpp:30
forced crash at fatal.cpp:30
forced crash at fatal.cpp:30
forced crash at fatal.cpp:30
forced crash at fatal.cpp:30
forced crash at fatal.cpp:30
forced crash at fatal.cpp:30
forced crash at fatal.cpp:30
forced crash at fatal.cpp:30
forced crash at fatal.cpp:30
forced crash at fatal.cpp:30
forced crash at fatal.cpp:30
forced crash at fatal.cpp:30
forced crash at fatal.cpp:30
forced crash at fatal.cpp:30
forced crash at fatal.cpp:30
forced crash at fatal.cpp:30
forced crash at fatal.cpp:30
forced crash at fatal.cpp:30
forced crash at fatal.cpp:30
forced crash at fatal.cpp:30
forced crash at fatal.cpp:30
forced crash at fatal.cpp:30
forced crash at fatal.cpp:30
forced crash at fatal.cpp:30
forced crash at fatal.cpp:30
forced crash at fatal.cpp:30
forced crash at fatal.cpp:30
forced crash at fatal.cpp:30
forced crash at fatal.cpp:30
forced crash at fatal.cpp:30
forced crash at fatal.cpp:30
forced crash at fatal.cpp:30
forced crash at fatal.cpp:30
forced crash at fatal.cpp:30
forced crash at fatal.cpp:30
forced crash at fatal.cpp:30
forced crash at fatal.cpp:30
forced crash at fatal.cpp:30
forced crash at fatal.cpp:30
forced crash at fatal.cpp:30
forced crash at fatal.cpp:30
forced crash at fatal.cpp:30
forced crash at fatal.cpp:30
forced crash at fatal.cpp:30
forced crash at fatal.cpp:30
forced crash at fatal.cpp:30
forced crash at fatal.cpp:30
forced crash at fatal.cpp:30
forced crash at fatal.cpp:30
forced crash at fatal.cpp:30
forced crash at fatal.cpp:30
forced crash at fatal.cpp:30
forced crash at fatal.cpp:30
forced crash at fatal.cpp:30
forced crash at fatal.cpp:30
forced crash at fatal.cpp:30
forced crash at fatal.cpp:30
forced crash at fatal.cpp:30
forced crash at fatal.cpp:30
forced crash at fatal.cpp:30
forced crash at fatal.cpp:30
forced crash at fatal.cpp:30
forced crash at fatal.cpp:30
forced crash at fatal.cpp:30
forced crash at fatal.cpp:30
forced crash at fatal.cpp:30
forced crash at fatal.cpp:30
forced crash at fatal.cpp:30
forced crash at fatal.cpp:30
forced crash at fatal.cpp:30
forced crash at main.cpp:2559
forced crash at main.cpp:2559
forced crash at /home/realm/realm/source/roommgr/main.cpp:2559
invalid pointer in call to setMemType:
forced crash at /home/realm/realm/source/global/malloc.cpp:230
forced crash at /home/realm/realm/source/roommgr/main.cpp:2559
forced crash at /home/realm/realm/source/roommgr/main.cpp:2559
forced crash at /home/realm/realm/source/global/fatal.cpp:30
forced crash at /home/realm/realm/source/roommgr/main.cpp:2559
forced crash at fatal.cpp:30
forced crash at fatal.cpp:30
forced crash at fatal.cpp:30
forced crash at fatal.cpp:30
forced crash at fatal.cpp:30
forced crash at fatal.cpp:30
forced crash at fatal.cpp:30
forced crash at fatal.cpp:30
forced crash at fatal.cpp:30
forced crash at fatal.cpp:30
forced crash at fatal.cpp:30
forced crash at fatal.cpp:30
forced crash at fatal.cpp:30
forced crash at fatal.cpp:30
forced crash at fatal.cpp:30
forced crash at fatal.cpp:30
forced crash at fatal.cpp:30
forced crash at fatal.cpp:30
forced crash at fatal.cpp:30
forced crash at fatal.cpp:30
forced crash at fatal.cpp:30
forced crash at fatal.cpp:30
forced crash at fatal.cpp:30
forced crash at fatal.cpp:30
forced crash at fatal.cpp:30
forced crash at fatal.cpp:30
forced crash at fatal.cpp:30
forced crash at fatal.cpp:30
forced crash at fatal.cpp:30
forced crash at fatal.cpp:30
forced crash at fatal.cpp:30
forced crash at fatal.cpp:30
forced crash at fatal.cpp:30
forced crash at fatal.cpp:30
forced crash at fatal.cpp:30
forced crash at fatal.cpp:30
forced crash at fatal.cpp:30
forced crash at fatal.cpp:30
forced crash at fatal.cpp:30
forced crash at fatal.cpp:30
forced crash at fatal.cpp:30
forced crash at fatal.cpp:30
forced crash at fatal.cpp:30
forced crash at fatal.cpp:30
forced crash at fatal.cpp:30
forced crash at fatal.cpp:30
forced crash at fatal.cpp:30
forced crash at fatal.cpp:30
forced crash at fatal.cpp:30
forced crash at fatal.cpp:30
forced crash at fatal.cpp:30
forced crash at fatal.cpp:30
forced crash at fatal.cpp:30
forced crash at fatal.cpp:30
forced crash at fatal.cpp:30
forced crash at fatal.cpp:30
forced crash at fatal.cpp:30
forced crash at fatal.cpp:30
forced crash at fatal.cpp:30
forced crash at fatal.cpp:30
forced crash at fatal.cpp:30
forced crash at fatal.cpp:30
forced crash at fatal.cpp:30
forced crash at fatal.cpp:30
forced crash at fatal.cpp:30
forced crash at fatal.cpp:30
forced crash at fatal.cpp:30
forced crash at /home/realm/realm/source/roommgr/main.cpp:2559
forced crash at fatal.cpp:30
forced crash at /home/realm/realm/source/roommgr/main.cpp:2559
forced crash at fatal.cpp:30
forced crash at /home/realm/realm/source/roommgr/main.cpp:2559
forced crash at /home/realm/realm/source/roommgr/main.cpp:2559
forced crash at /home/realm/realm/source/roommgr/main.cpp:2559
forced crash at /home/realm/realm/source/roommgr/main.cpp:2891
forced crash at /home/realm/realm/source/roommgr/main.cpp:2891
forced crash at /home/realm/realm/source/roommgr/main.cpp:2891
forced crash at /home/realm/realm/source/roommgr/main.cpp:2891
forced crash at /home/realm/realm/source/roommgr/main.cpp:2891
forced crash at /home/realm/realm/source/roommgr/main.cpp:2891
forced crash at /home/realm/realm/source/roommgr/main.cpp:2891
forced crash at /home/realm/realm/source/roommgr/main.cpp:2895
forced crash at /home/realm/realm/source/roommgr/main.cpp:2895
forced crash at /home/realm/realm/source/roommgr/main.cpp:2895
forced crash at /home/realm/realm/source/roommgr/main.cpp:2895
forced crash at /home/realm/realm/source/roommgr/main.cpp:2895
forced crash at /home/realm/realm/source/roommgr/main.cpp:2895
forced crash at /home/realm/realm/source/roommgr/main.cpp:2895
forced crash at /home/realm/realm/source/roommgr/main.cpp:2895
forced crash at /home/realm/realm/source/roommgr/main.cpp:2895
forced crash at /home/realm/realm/source/roommgr/main.cpp:2895
forced crash at /home/realm/realm/source/roommgr/main.cpp:2895
forced crash at /home/realm/realm/source/roommgr/main.cpp:2895
forced crash at /home/realm/realm/source/roommgr/main.cpp:2895
forced crash at /home/realm/realm/source/global/fatal.cpp:30
forced crash at /home/realm/realm/source/global/fatal.cpp:30
forced crash at /home/realm/realm/source/global/fatal.cpp:30
forced crash at /home/realm/realm/source/roommgr/main.cpp:2895
forced crash at /home/realm/realm/source/global/fatal.cpp:30
forced crash at /home/realm/realm/source/global/fatal.cpp:30
forced crash at /home/realm/realm/source/roommgr/main.cpp:2895
forced crash at /home/realm/realm/source/roommgr/main.cpp:2895
forced crash at /home/realm/realm/source/roommgr/main.cpp:2895
forced crash at /home/realm/realm/source/roommgr/main.cpp:2895
forced crash at /home/realm/realm/source/roommgr/main.cpp:2895
forced crash at /home/realm/realm/source/roommgr/main.cpp:2895
forced crash at /home/realm/realm/source/roommgr/main.cpp:2895
forced crash at /home/realm/realm/source/roommgr/main.cpp:2895
forced crash at /home/realm/realm/source/roommgr/main.cpp:2895
forced crash at /home/realm/realm/source/roommgr/main.cpp:2895
forced crash at /home/realm/realm/source/roommgr/main.cpp:2895
forced crash at /home/realm/realm/source/roommgr/main.cpp:2895
forced crash at /home/realm/realm/source/roommgr/main.cpp:2895
forced crash at /home/realm/realm/source/roommgr/main.cpp:2895
forced crash at fatal.cpp:30
forced crash at fatal.cpp:30
forced crash at /home/realm/realm/source/roommgr/main.cpp:2895
forced crash at /home/realm/realm/source/roommgr/main.cpp:2895
forced crash at /home/realm/realm/source/roommgr/main.cpp:2895
forced crash at /home/realm/realm/source/roommgr/main.cpp:2895
forced crash at /home/realm/realm/source/roommgr/main.cpp:2895
forced crash at /home/realm/realm/source/roommgr/main.cpp:2895
forced crash at /home/realm/realm/source/roommgr/main.cpp:2895
forced crash at fatal.cpp:30
forced crash at fatal.cpp:30
forced crash at fatal.cpp:30
forced crash at fatal.cpp:30
forced crash at fatal.cpp:30
forced crash at fatal.cpp:30
forced crash at fatal.cpp:30
forced crash at fatal.cpp:30
forced crash at fatal.cpp:30
forced crash at /home/realm/realm/source/roommgr/main.cpp:2895
forced crash at /home/realm/realm/source/roommgr/main.cpp:2895
forced crash at /home/realm/source/global/fatal.cpp:30
forced crash at /home/realm/source/global/fatal.cpp:30
forced crash at /home/realm/source/global/fatal.cpp:30
forced crash at /home/realm/realm/source/roommgr/main.cpp:2895
forced crash at /home/realm/realm/source/roommgr/main.cpp:2895
forced crash at /home/realm/realm/source/roommgr/main.cpp:2895
forced crash at /home/realm/realm/source/roommgr/main.cpp:2895
forced crash at /home/realm/realm/source/roommgr/main.cpp:2895
forced crash at /home/realm/realm/source/global/fatal.cpp:30
forced crash at /home/realm/realm/source/global/fatal.cpp:30
forced crash at /home/realm/realm/source/global/fatal.cpp:30
forced crash at /home/realm/realm/source/roommgr/main.cpp:2895
forced crash at /home/realm/realm/source/roommgr/main.cpp:2895
forced crash at /home/realm/realm/source/roommgr/main.cpp:2895
forced crash at /home/realm/realm/source/roommgr/main.cpp:2895
forced crash at /home/realm/realm/source/roommgr/main.cpp:2895
forced crash at /home/realm/cmake/source/roommgr/main.cpp:2568
forced crash at /home/realm/cmake/source/roommgr/main.cpp:2568
forced crash at /home/realm/cmake/source/roommgr/main.cpp:2568
forced crash at /home/realm/cmake/source/roommgr/main.cpp:2568
forced crash at /home/realm/cmake/source/roommgr/main.cpp:2568
forced crash at /home/realm/cmake/source/roommgr/main.cpp:2568
forced crash at /home/realm/cmake/source/roommgr/main.cpp:2568
forced crash at /home/realm/cmake/source/roommgr/main.cpp:2568
forced crash at /home/realm/cmake/source/roommgr/main.cpp:2568
forced crash at /home/realm/cmake/source/roommgr/main.cpp:2568
forced crash at /home/realm/cmake/source/roommgr/main.cpp:2568
forced crash at /home/realm/cmake/source/roommgr/main.cpp:2568
forced crash at /home/realm/cmake/source/roommgr/main.cpp:2568
forced crash at /home/realm/cmake/source/roommgr/main.cpp:2568
forced crash at /home/realm/cmake/source/roommgr/main.cpp:2568
forced crash at /home/realm/cmake/source/roommgr/main.cpp:2568
forced crash at /home/realm/cmake/source/roommgr/main.cpp:2568
forced crash at /home/realm/cmake/source/roommgr/main.cpp:2568
forced crash at /home/realm/cmake/source/roommgr/main.cpp:2568
forced crash at /home/realm/cmake/source/roommgr/main.cpp:2568
forced crash at /home/realm/cmake/source/roommgr/main.cpp:2568
forced crash at /home/realm/cmake/source/roommgr/main.cpp:2568
forced crash at /home/realm/cmake/source/global/fatal.cpp:30
forced crash at /home/realm/cmake/source/global/fatal.cpp:30
forced crash at /home/realm/cmake/source/global/fatal.cpp:30
forced crash at /home/realm/cmake/source/roommgr/main.cpp:2568
forced crash at /home/realm/cmake/source/roommgr/main.cpp:2568
forced crash at /home/realm/cmake/source/roommgr/main.cpp:2568
forced crash at /home/realm/cmake/source/roommgr/main.cpp:2568
forced crash at /home/realm/cmake/source/global/fatal.cpp:30
forced crash at /home/realm/cmake/source/roommgr/main.cpp:2568
forced crash at /home/realm/cmake/source/roommgr/main.cpp:2568
forced crash at /home/realm/cmake/source/global/fatal.cpp:30
forced crash at /home/realm/cmake/source/roommgr/main.cpp:2568
forced crash at /home/realm/cmake/source/roommgr/main.cpp:2568
forced crash at /home/realm/cmake/source/roommgr/main.cpp:2568
forced crash at /home/realm/cmake/source/roommgr/main.cpp:2568
forced crash at /home/realm/cmake/source/global/fatal.cpp:30
forced crash at /home/realm/cmake/source/global/fatal.cpp:30
forced crash at /home/realm/cmake/source/global/fatal.cpp:30
forced crash at /home/realm/cmake/source/global/fatal.cpp:30
forced crash at /home/realm/cmake/source/global/fatal.cpp:30
forced crash at /home/realm/cmake/source/global/fatal.cpp:30
forced crash at /home/realm/cmake/source/global/fatal.cpp:30
forced crash at /home/realm/cmake/source/roommgr/main.cpp:2568
forced crash at /home/realm/cmake/source/roommgr/main.cpp:2568
forced crash at /home/realm/cmake/source/roommgr/main.cpp:2568
forced crash at /home/realm/cmake/source/roommgr/main.cpp:2568
forced crash at /home/realm/cmake/source/roommgr/main.cpp:2568
forced crash at /home/realm/cmake/source/roommgr/main.cpp:2568
forced crash at /home/realm/cmake/source/roommgr/main.cpp:2568
forced crash at /home/realm/cmake/source/roommgr/main.cpp:2568
forced crash at /home/realm/cmake/source/roommgr/main.cpp:2568
forced crash at /home/realm/cmake/source/roommgr/main.cpp:2568
forced crash at /home/realm/cmake/source/roommgr/main.cpp:2568
forced crash at /home/realm/cmake/source/roommgr/main.cpp:2568
forced crash at /home/realm/cmake/source/roommgr/main.cpp:2568
forced crash at /home/realm/cmake/source/roommgr/main.cpp:2568
forced crash at /home/realm/cmake/source/roommgr/main.cpp:2568
forced crash at /home/realm/cmake/source/roommgr/main.cpp:2568
forced crash at /home/realm/cmake/source/roommgr/main.cpp:2568
forced crash at /home/realm/cmake/source/roommgr/main.cpp:2568
forced crash at /home/realm/cmake/source/roommgr/main.cpp:2568
forced crash at /home/realm/cmake/source/roommgr/main.cpp:2568
forced crash at /home/realm/cmake/source/roommgr/main.cpp:2568
forced crash at /home/realm/cmake/source/global/fatal.cpp:30
forced crash at /home/realm/cmake/source/global/fatal.cpp:30
forced crash at /home/realm/cmake/source/global/fatal.cpp:30
forced crash at /home/realm/cmake/source/global/fatal.cpp:30
forced crash at /home/realm/cmake/source/roommgr/main.cpp:2568
forced crash at /home/elpha/sacredtemple_server_source/source/roommgr/main.cpp:2568
forced crash at /root/sacredtemple_server_source/source/roommgr/main.cpp:2568
forced crash at /home/realm/cmake/source/roommgr/main.cpp:2568
forced crash at /home/realm/cmake/source/roommgr/main.cpp:2568
got a NULL from allocating memory of 788529180forced crash at /root/sacredtemple_server_source/source/global/malloc.cpp:81
forced crash at /home/realm/cmake/source/roommgr/main.cpp:2568
got a NULL from allocating memory of 704643100forced crash at /root/sacredtemple_server_source/source/global/malloc.cpp:81
got a NULL from allocating memory of 704643100forced crash at /root/sacredtemple_server_source/source/global/malloc.cpp:81
got a NULL from allocating memory of 788529180forced crash at /root/sacredtemple_server_source/source/global/malloc.cpp:81
forced crash at /home/realm/cmake/source/roommgr/main.cpp:2568
got a NULL from allocating memory of 788529180forced crash at /root/sacredtemple_server_source/source/global/malloc.cpp:81
forced crash at /root/sacredtemple_server_source/source/global/fatal.cpp:30
got a NULL from allocating memory of 788529180forced crash at /root/sacredtemple_server_source/source/global/malloc.cpp:81
got a NULL from allocating memory of 788529180forced crash at /root/sacredtemple_server_source/source/global/malloc.cpp:81
got a NULL from allocating memory of 788529180forced crash at /root/sacredtemple_server_source/source/global/malloc.cpp:81
got a NULL from allocating memory of 788529180forced crash at /root/sacredtemple_server_source/source/global/malloc.cpp:81
forced crash at /home/realm/cmake/source/roommgr/main.cpp:2568
forced crash at /home/realm/cmake/source/roommgr/main.cpp:2568
forced crash at /home/realm/cmake/source/roommgr/main.cpp:2568
got a NULL from allocating memory of 788529180forced crash at /root/sacredtemple_server_source/source/global/malloc.cpp:81
forced crash at /home/realm/cmake/source/roommgr/main.cpp:2568
forced crash at /home/realm/cmake/source/roommgr/main.cpp:2568
forced crash at /home/realm/cmake/source/global/fatal.cpp:30
forced crash at /home/realm/cmake/source/global/fatal.cpp:30
forced crash at /home/realm/cmake/source/global/fatal.cpp:30
forced crash at /home/realm/cmake/source/global/fatal.cpp:30
forced crash at /home/realm/cmake/source/global/fatal.cpp:30
forced crash at /home/realm/cmake/source/global/fatal.cpp:30
forced crash at /home/realm/cmake/source/global/fatal.cpp:30
forced crash at /home/realm/cmake/source/global/fatal.cpp:30
forced crash at /home/realm/cmake/source/global/fatal.cpp:30
forced crash at /home/realm/cmake/source/global/fatal.cpp:30
forced crash at /home/realm/cmake/source/roommgr/main.cpp:2568
forced crash at /home/realm/cmake/source/roommgr/main.cpp:2568
forced crash at /home/realm/cmake/source/roommgr/main.cpp:2568
forced crash at /home/realm/cmake/source/roommgr/main.cpp:2568
forced crash at /home/realm/cmake/source/roommgr/main.cpp:2568
forced crash at /home/realm/cmake/source/roommgr/main.cpp:2568
forced crash at /home/realm/cmake/source/roommgr/main.cpp:2568
forced crash at /home/realm/cmake/source/roommgr/main.cpp:2568
forced crash at /home/realm/cmake/source/roommgr/main.cpp:2568
got a NULL from allocating memory of 788529180forced crash at /root/sacredtemple_server_source/source/global/malloc.cpp:81
forced crash at /home/realm/cmake/source/global/fatal.cpp:30
forced crash at /home/realm/cmake/source/roommgr/main.cpp:2568
got a NULL from allocating memory of 788529180forced crash at /root/sacredtemple_server_source/source/global/malloc.cpp:81
forced crash at /home/realm/cmake/source/global/fatal.cpp:30
forced crash at /home/realm/cmake/source/roommgr/main.cpp:2568
forced crash at /home/realm/cmake/source/roommgr/main.cpp:2568
forced crash at /home/realm/cmake/source/roommgr/main.cpp:2568
forced crash at /home/realm/cmake/source/roommgr/main.cpp:2568
forced crash at /home/realm/cmake/source/roommgr/main.cpp:2568
forced crash at /home/realm/cmake/source/roommgr/main.cpp:2568
forced crash at /home/realm/cmake/source/roommgr/main.cpp:2568
forced crash at /home/realm/cmake/source/roommgr/main.cpp:2568
forced crash at /home/realm/cmake/source/roommgr/main.cpp:2568
forced crash at /home/realm/cmake/source/roommgr/main.cpp:2568
forced crash at /home/realm/cmake/source/roommgr/main.cpp:2568
forced crash at /home/realm/cmake/source/roommgr/main.cpp:2568
