Sun Apr 22 17:41:09 2018: 6) Account zach - character Brutis had hacked stats of S:100 D:100 I:100 E:100
Sun Apr 22 17:41:09 2018: 7) Account zach - character Community had hacked stats of S:14 D:6 I:6 E:22
Sun Apr 22 17:41:09 2018: 6) Account zach - character Zach had hacked stats of S:1000000 D:1000000 I:1000000 E:1000000
Mon Apr 23 09:13:56 2018: bEntry is valid, linkTo is NULL <Tent>
Mon Apr 23 09:14:56 2018: bEntry is valid, linkTo is NULL <Tent>
Mon Apr 23 09:15:56 2018: bEntry is valid, linkTo is NULL <Tent>
Mon Apr 23 17:55:56 2018: bEntry is valid, linkTo is NULL <Tent>
Mon Apr 23 17:56:56 2018: bEntry is valid, linkTo is NULL <Tent>
Mon Apr 23 17:57:56 2018: bEntry is valid, linkTo is NULL <Tent>
Mon Apr 23 23:54:56 2018: bEntry is valid, linkTo is NULL <Tent>
Mon Apr 23 23:55:56 2018: bEntry is valid, linkTo is NULL <Tent>
Mon Apr 23 23:56:56 2018: bEntry is valid, linkTo is NULL <Tent>
Tue Apr 24 07:12:16 2018: I do not know who crashed the game.
Tue Apr 24 07:14:38 2018: I do not know who crashed the game.
Tue Apr 24 07:18:08 2018: I do not know who crashed the game.
Tue Apr 24 07:20:54 2018: I do not know who crashed the game.
Tue Apr 24 07:21:34 2018: I do not know who crashed the game.
Tue Apr 24 07:22:24 2018: I do not know who crashed the game.
Tue Apr 24 07:24:36 2018: I do not know who crashed the game.
Tue Apr 24 07:25:20 2018: I do not know who crashed the game.
Tue Apr 24 07:25:36 2018: I do not know who crashed the game.
Tue Apr 24 07:28:22 2018: I do not know who crashed the game.
Tue Apr 24 07:29:28 2018: I do not know who crashed the game.
Tue Apr 24 08:03:10 2018: I do not know who crashed the game.
Tue Apr 24 13:17:40 2018: Got unknown msg 254 of 8 from 8.9.37.152
Tue Apr 24 13:18:39 2018: Got unknown msg 254 of 8 from 139.60.160.160
Tue Apr 24 13:26:32 2018: Got unknown msg 254 of 8 from 8.9.37.152
Tue Apr 24 13:27:19 2018: Got unknown msg 254 of 8 from 139.60.160.160
Tue Apr 24 13:46:54 2018: Got unknown msg 254 of 8 from 139.60.160.160
Tue Apr 24 21:50:12 2018: I do not know who crashed the game.
Tue Apr 24 21:52:34 2018: super class of ElphameGuardian could not be found.
Tue Apr 24 21:52:34 2018: super class of DespothesGuardian could not be found.
Tue Apr 24 21:52:52 2018: bEntry is valid, linkTo is NULL <Tent>
Tue Apr 24 21:53:16 2018: super class of DespothesGuardian could not be found.
Tue Apr 24 21:53:16 2018: super class of DespothesGuardian could not be found.
Tue Apr 24 21:53:52 2018: bEntry is valid, linkTo is NULL <Tent>
Tue Apr 24 21:54:52 2018: bEntry is valid, linkTo is NULL <Tent>
Tue Apr 24 21:55:01 2018: super class of DespothesGuardian could not be found.
Tue Apr 24 21:55:01 2018: super class of ElphameGuardian could not be found.
Tue Apr 24 21:55:01 2018: super class of DespothesGuardian could not be found.
Tue Apr 24 21:55:52 2018: bEntry is valid, linkTo is NULL <Tent>
Tue Apr 24 21:57:24 2018: super class of ElphameGuardian could not be found.
Tue Apr 24 21:57:43 2018: I do not know who crashed the game.
Tue Apr 24 21:59:42 2018: super class of ElphameGuardian could not be found.
Tue Apr 24 21:59:54 2018: I do not know who crashed the game.
Tue Apr 24 22:02:36 2018: super class of ElphameGuardian could not be found.
Tue Apr 24 22:02:36 2018: super class of ElphameGuardian could not be found.
Tue Apr 24 22:02:36 2018: super class of DespothesGuardian could not be found.
Tue Apr 24 22:02:36 2018: super class of DespothesGuardian could not be found.
Tue Apr 24 22:02:36 2018: super class of DespothesGuardian could not be found.
Tue Apr 24 22:02:36 2018: super class of DespothesGuardian could not be found.
Tue Apr 24 22:02:36 2018: super class of DespothesGuardian could not be found.
Tue Apr 24 22:18:29 2018: herc: ElfTester sex mismatch female
Tue Apr 24 22:18:29 2018: 7) Account herc - character ElfTester had hacked stats of S:10 D:10 I:10 E:18
Tue Apr 24 22:18:29 2018: herc: ElfTester2 sex mismatch female
Tue Apr 24 22:18:29 2018: herc: Luggage sex mismatch female
Tue Apr 24 22:18:29 2018: 7) Account herc - character Luggage had hacked stats of S:24 D:7 I:2 E:15
Tue Apr 24 22:21:45 2018: super class of DespothesGuardian could not be found.
Tue Apr 24 22:22:39 2018: super class of ElphameGuardian could not be found.
Tue Apr 24 22:22:39 2018: super class of ElphameGuardian could not be found.
Tue Apr 24 22:22:39 2018: super class of ElphameGuardian could not be found.
Tue Apr 24 23:01:06 2018: herc: ElfTester sex mismatch female
Tue Apr 24 23:01:06 2018: 7) Account herc - character ElfTester had hacked stats of S:10 D:10 I:10 E:18
Tue Apr 24 23:01:06 2018: herc: ElfTester2 sex mismatch female
Tue Apr 24 23:01:06 2018: herc: Luggage sex mismatch female
Tue Apr 24 23:01:06 2018: 7) Account herc - character Luggage had hacked stats of S:24 D:7 I:2 E:15
Tue Apr 24 23:07:01 2018: super class of DespothesGuardian could not be found.
Tue Apr 24 23:08:53 2018: super class of ElphameGuardian could not be found.
Tue Apr 24 23:09:46 2018: super class of DespothesGuardian could not be found.
Tue Apr 24 23:09:46 2018: super class of DespothesGuardian could not be found.
Tue Apr 24 23:09:46 2018: super class of DespothesGuardian could not be found.
Tue Apr 24 23:09:46 2018: super class of ElphameGuardian could not be found.
Tue Apr 24 23:11:49 2018: super class of DespothesGuardian could not be found.
Tue Apr 24 23:13:30 2018: super class of ElphameGuardian could not be found.
Tue Apr 24 23:13:30 2018: super class of DespothesGuardian could not be found.
Tue Apr 24 23:14:45 2018: super class of ElphameGuardian could not be found.
Tue Apr 24 23:26:39 2018: herc: ElfTester sex mismatch female
Tue Apr 24 23:26:39 2018: 7) Account herc - character ElfTester had hacked stats of S:10 D:10 I:10 E:18
Tue Apr 24 23:26:39 2018: herc: ElfTester2 sex mismatch female
Tue Apr 24 23:26:39 2018: herc: Luggage sex mismatch female
Tue Apr 24 23:26:39 2018: 7) Account herc - character Luggage had hacked stats of S:24 D:7 I:2 E:15
Tue Apr 24 23:44:44 2018: super class of DespothesGuardian could not be found.
Tue Apr 24 23:46:58 2018: herc: ElfTester sex mismatch female
Tue Apr 24 23:46:58 2018: 7) Account herc - character ElfTester had hacked stats of S:10 D:10 I:10 E:18
Tue Apr 24 23:46:58 2018: herc: ElfTester2 sex mismatch female
Tue Apr 24 23:46:58 2018: herc: Luggage sex mismatch female
Tue Apr 24 23:46:58 2018: 7) Account herc - character Luggage had hacked stats of S:24 D:7 I:2 E:15
Tue Apr 24 23:48:21 2018: super class of DespothesGuardian could not be found.
Wed Apr 25 00:14:24 2018: herc: ElfTester sex mismatch female
Wed Apr 25 00:14:24 2018: 7) Account herc - character ElfTester had hacked stats of S:10 D:10 I:10 E:18
Wed Apr 25 00:14:24 2018: herc: ElfTester2 sex mismatch female
Wed Apr 25 00:14:24 2018: herc: Luggage sex mismatch female
Wed Apr 25 00:14:24 2018: 7) Account herc - character Luggage had hacked stats of S:24 D:7 I:2 E:15
Wed Apr 25 00:30:55 2018: super class of DespothesGuardian could not be found.
Thu Apr 26 16:15:07 2018: super class of ElphameGuardian could not be found.
Thu Apr 26 16:15:07 2018: super class of ElphameGuardian could not be found.
Thu Apr 26 16:15:07 2018: super class of ElphameGuardian could not be found.
Thu Apr 26 16:16:27 2018: super class of ElphameGuardian could not be found.
Thu Apr 26 18:22:56 2018: rainmod: NaCLdusa sex mismatch female
Thu Apr 26 19:53:19 2018: I do not know who crashed the game.
Sat Apr 28 19:34:45 2018: super class of ElphameGuardian could not be found.
Sat Apr 28 19:34:45 2018: super class of ElphameGuardian could not be found.
Mon May 14 17:51:43 2018: herc: ElfTester sex mismatch female
Mon May 14 17:51:43 2018: 7) Account herc - character ElfTester had hacked stats of S:10 D:10 I:10 E:18
Mon May 14 17:51:43 2018: herc: ElfTester2 sex mismatch female
Mon May 14 17:51:43 2018: herc: Luggage sex mismatch female
Mon May 14 17:51:43 2018: 7) Account herc - character Luggage had hacked stats of S:24 D:7 I:2 E:15
Mon May 14 18:11:48 2018: I do not know who crashed the game.
Mon May 14 18:19:11 2018: I do not know who crashed the game.
Mon May 14 18:27:10 2018: I do not know who crashed the game.
Mon May 14 18:40:03 2018: I do not know who crashed the game.
Fri Apr 12 22:27:56 2019: I do not know who crashed the game.
Thu Jun 20 23:50:39 2019: I do not know who crashed the game.
